<?xml version="1.0" encoding="UTF-8"?>
<robot generator="Robot 7.1 (Python 3.12.6 on win32)" generated="2024-09-24T15:43:01.295609" rpa="false" schemaversion="5">
<suite id="s1" name="Realworlddemo" source="C:\Users\dell\Desktop\Robot framework\tests\realworlddemo.robot">
<test id="s1-t1" name="User Registration And Database Validation" line="15">
<kw name="Open Browser" owner="SeleniumLibrary">
<msg time="2024-09-24T15:43:02.894815" level="INFO">Opening browser 'chrome' to base url 'https://example.com/register'.</msg>
<arg>${BASE_URL}</arg>
<arg>chrome</arg>
<doc>Opens a new browser instance to the optional ``url``.</doc>
<status status="PASS" start="2024-09-24T15:43:02.893802" elapsed="4.011583"/>
</kw>
<kw name="Input Text" owner="SeleniumLibrary">
<msg time="2024-09-24T15:43:06.907387" level="INFO">Typing text 'newuser' into text field 'id:username'.</msg>
<msg time="2024-09-24T15:43:07.174007" level="INFO" html="true">&lt;/td&gt;&lt;/tr&gt;&lt;tr&gt;&lt;td colspan="3"&gt;&lt;a href="selenium-screenshot-1.png"&gt;&lt;img src="selenium-screenshot-1.png" width="800px"&gt;&lt;/a&gt;</msg>
<msg time="2024-09-24T15:43:07.174007" level="FAIL">Element with locator 'id:username' not found.</msg>
<arg>id:username</arg>
<arg>newuser</arg>
<doc>Types the given ``text`` into the text field identified by ``locator``.</doc>
<status status="FAIL" start="2024-09-24T15:43:06.906389" elapsed="0.272615">Element with locator 'id:username' not found.</status>
</kw>
<kw name="Input Text" owner="SeleniumLibrary">
<arg>id:password</arg>
<arg>password123</arg>
<doc>Types the given ``text`` into the text field identified by ``locator``.</doc>
<status status="NOT RUN" start="2024-09-24T15:43:07.180005" elapsed="0.000000"/>
</kw>
<kw name="Click Button" owner="SeleniumLibrary">
<arg>id:register_button</arg>
<doc>Clicks the button identified by ``locator``.</doc>
<status status="NOT RUN" start="2024-09-24T15:43:07.180005" elapsed="0.000000"/>
</kw>
<kw name="Wait Until Page Contains" owner="SeleniumLibrary">
<arg>Registration Successful</arg>
<doc>Waits until ``text`` appears on the current page.</doc>
<status status="NOT RUN" start="2024-09-24T15:43:07.181005" elapsed="0.000000"/>
</kw>
<kw name="Close Browser" owner="SeleniumLibrary">
<doc>Closes the current browser.</doc>
<status status="NOT RUN" start="2024-09-24T15:43:07.181005" elapsed="0.001002"/>
</kw>
<kw name="Connect To Database" owner="DatabaseLibrary">
<arg>pymysql</arg>
<arg>${DB_NAME}</arg>
<arg>${DB_USER}</arg>
<arg>${DB_PASSWORD}</arg>
<arg>${DB_HOST}</arg>
<doc>Loads the DB API 2.0 module given ``dbapiModuleName`` then uses it to
connect to the database using provided parameters such as ``dbName``, ``dbUsername``, and ``dbPassword``.</doc>
<status status="NOT RUN" start="2024-09-24T15:43:07.182007" elapsed="0.000000"/>
</kw>
<kw name="Execute Query">
<var>${result}</var>
<arg>SELECT * FROM users WHERE username = 'newuser'</arg>
<status status="NOT RUN" start="2024-09-24T15:43:07.183003" elapsed="0.000000"/>
</kw>
<kw name="Should Not Be Empty" owner="BuiltIn">
<arg>${result}</arg>
<doc>Verifies that the given item is not empty.</doc>
<status status="NOT RUN" start="2024-09-24T15:43:07.184015" elapsed="0.000000"/>
</kw>
<kw name="Disconnect From Database" owner="DatabaseLibrary">
<doc>Disconnects from the database.</doc>
<status status="NOT RUN" start="2024-09-24T15:43:07.184015" elapsed="0.000000"/>
</kw>
<status status="FAIL" start="2024-09-24T15:43:02.891794" elapsed="4.293209">Element with locator 'id:username' not found.</status>
</test>
<status status="FAIL" start="2024-09-24T15:43:01.299615" elapsed="5.887404"/>
</suite>
<statistics>
<total>
<stat pass="0" fail="1" skip="0">All Tests</stat>
</total>
<tag>
</tag>
<suite>
<stat pass="0" fail="1" skip="0" id="s1" name="Realworlddemo">Realworlddemo</stat>
</suite>
</statistics>
<errors>
</errors>
</robot>
